12-May-2022 02:51:01.075 INFO [main] org.apache.coyote.AbstractProtocol.init Initializing ProtocolHandler ["http-nio-8090"]
12-May-2022 02:51:01.234 INFO [main] org.apache.catalina.startup.Catalina.load Server initialization in [1,760] milliseconds
12-May-2022 02:51:01.273 INFO [main] org.apache.catalina.core.StandardService.startInternal Starting service [Tomcat-Standalone]
12-May-2022 02:51:01.274 INFO [main] org.apache.catalina.core.StandardEngine.startInternal Starting Servlet engine: [Apache Tomcat/9.0.33]
12-May-2022 02:51:10.435 INFO [Catalina-utility-2] org.apache.jasper.servlet.TldScanner.scanJars At least one JAR was scanned for TLDs yet contained no TLDs. Enable debug logging for this logger for a complete list of JARs that were scanned but no TLDs were found in them. Skipping unneeded JARs during scanning can improve startup time and JSP compilation time.
12-May-2022 02:51:11.004 INFO [Catalina-utility-2] org.apache.catalina.core.ApplicationContext.log 1 Spring WebApplicationInitializers detected on classpath
12-May-2022 02:51:19.103 WARNING [Catalina-utility-2] org.apache.catalina.util.SessionIdGeneratorBase.createSecureRandom Creation of SecureRandom instance for session ID generation using [SHA1PRNG] took [7,634] milliseconds.
12-May-2022 02:51:26.573 INFO [Catalina-utility-2] org.apache.catalina.core.ApplicationContext.log Initializing Spring DispatcherServlet 'dispatcher'
12-May-2022 02:53:00.690 INFO [main] org.apache.coyote.AbstractProtocol.init Initializing ProtocolHandler ["http-nio-8090"]
12-May-2022 02:53:00.713 INFO [main] org.apache.catalina.startup.Catalina.load Server initialization in [377] milliseconds
12-May-2022 02:53:00.722 INFO [main] org.apache.catalina.core.StandardService.startInternal Starting service [Tomcat-Standalone]
12-May-2022 02:53:00.722 INFO [main] org.apache.catalina.core.StandardEngine.startInternal Starting Servlet engine: [Apache Tomcat/9.0.33]
12-May-2022 02:53:02.843 INFO [Catalina-utility-2] org.apache.jasper.servlet.TldScanner.scanJars At least one JAR was scanned for TLDs yet contained no TLDs. Enable debug logging for this logger for a complete list of JARs that were scanned but no TLDs were found in them. Skipping unneeded JARs during scanning can improve startup time and JSP compilation time.
12-May-2022 02:53:02.925 INFO [Catalina-utility-2] org.apache.catalina.core.ApplicationContext.log 1 Spring WebApplicationInitializers detected on classpath
12-May-2022 02:53:03.047 INFO [Catalina-utility-2] org.apache.catalina.core.ApplicationContext.log Initializing Spring DispatcherServlet 'dispatcher'
12-May-2022 02:53:22.058 INFO [main] org.apache.coyote.AbstractProtocol.start Starting ProtocolHandler ["http-nio-8090"]
12-May-2022 02:53:22.141 INFO [main] org.apache.catalina.startup.Catalina.start Server startup in [21,448] milliseconds
12-May-2022 02:53:41.408 INFO [Thread-55] org.apache.coyote.AbstractProtocol.pause Pausing ProtocolHandler ["http-nio-8090"]
12-May-2022 02:53:41.634 INFO [Thread-55] org.apache.catalina.core.StandardService.stopInternal Stopping service [Tomcat-Standalone]
12-May-2022 02:53:41.767 INFO [Catalina-utility-3] org.apache.catalina.core.ApplicationContext.log Destroying Spring FrameworkServlet 'dispatcher'
12-May-2022 02:53:42.519 WARNING [Catalina-utility-4] org.apache.catalina.loader.WebappClassLoaderBase.clearReferencesJdbc The web application [ROOT] registered the JDBC driver [org.h2.Driver] but failed to unregister it when the web application was stopped. To prevent a memory leak, the JDBC Driver has been forcibly unregistered.
12-May-2022 02:53:42.543 INFO [Thread-55] org.apache.coyote.AbstractProtocol.stop Stopping ProtocolHandler ["http-nio-8090"]
12-May-2022 02:53:42.549 INFO [Thread-55] org.apache.coyote.AbstractProtocol.destroy Destroying ProtocolHandler ["http-nio-8090"]
12-May-2022 02:54:38.743 INFO [main] org.apache.coyote.AbstractProtocol.init Initializing ProtocolHandler ["http-nio-8090"]
12-May-2022 02:54:38.847 INFO [main] org.apache.catalina.startup.Catalina.load Server initialization in [575] milliseconds
12-May-2022 02:54:38.863 INFO [main] org.apache.catalina.core.StandardService.startInternal Starting service [Tomcat-Standalone]
12-May-2022 02:54:38.863 INFO [main] org.apache.catalina.core.StandardEngine.startInternal Starting Servlet engine: [Apache Tomcat/9.0.33]
12-May-2022 02:54:41.468 INFO [Catalina-utility-2] org.apache.jasper.servlet.TldScanner.scanJars At least one JAR was scanned for TLDs yet contained no TLDs. Enable debug logging for this logger for a complete list of JARs that were scanned but no TLDs were found in them. Skipping unneeded JARs during scanning can improve startup time and JSP compilation time.
12-May-2022 02:54:41.483 INFO [Catalina-utility-2] org.apache.catalina.core.ApplicationContext.log 1 Spring WebApplicationInitializers detected on classpath
12-May-2022 02:54:41.694 INFO [Catalina-utility-2] org.apache.catalina.core.ApplicationContext.log Initializing Spring DispatcherServlet 'dispatcher'
12-May-2022 02:54:53.597 INFO [main] org.apache.coyote.AbstractProtocol.start Starting ProtocolHandler ["http-nio-8090"]
12-May-2022 02:54:53.647 INFO [main] org.apache.catalina.startup.Catalina.start Server startup in [14,799] milliseconds
12-May-2022 02:59:23.249 INFO [main] org.apache.coyote.AbstractProtocol.init Initializing ProtocolHandler ["http-nio-8090"]
12-May-2022 02:59:23.282 INFO [main] org.apache.catalina.startup.Catalina.load Server initialization in [487] milliseconds
12-May-2022 02:59:23.288 INFO [main] org.apache.catalina.core.StandardService.startInternal Starting service [Tomcat-Standalone]
12-May-2022 02:59:23.289 INFO [main] org.apache.catalina.core.StandardEngine.startInternal Starting Servlet engine: [Apache Tomcat/9.0.33]
12-May-2022 02:59:25.086 INFO [Catalina-utility-2] org.apache.jasper.servlet.TldScanner.scanJars At least one JAR was scanned for TLDs yet contained no TLDs. Enable debug logging for this logger for a complete list of JARs that were scanned but no TLDs were found in them. Skipping unneeded JARs during scanning can improve startup time and JSP compilation time.
12-May-2022 02:59:25.154 INFO [Catalina-utility-2] org.apache.catalina.core.ApplicationContext.log 1 Spring WebApplicationInitializers detected on classpath
12-May-2022 02:59:25.368 INFO [Catalina-utility-2] org.apache.catalina.core.ApplicationContext.log Initializing Spring DispatcherServlet 'dispatcher'
12-May-2022 02:59:52.279 INFO [main] org.apache.coyote.AbstractProtocol.start Starting ProtocolHandler ["http-nio-8090"]
12-May-2022 02:59:52.290 INFO [main] org.apache.catalina.startup.Catalina.start Server startup in [28,980] milliseconds
12-May-2022 03:00:33.121 INFO [Thread-30] org.apache.coyote.AbstractProtocol.pause Pausing ProtocolHandler ["http-nio-8090"]
12-May-2022 03:00:33.417 INFO [Thread-30] org.apache.catalina.core.StandardService.stopInternal Stopping service [Tomcat-Standalone]
12-May-2022 03:00:33.440 INFO [Catalina-utility-2] org.apache.catalina.core.ApplicationContext.log Destroying Spring FrameworkServlet 'dispatcher'
12-May-2022 03:00:37.236 WARNING [Catalina-utility-1] org.apache.catalina.loader.WebappClassLoaderBase.clearReferencesJdbc The web application [ROOT] registered the JDBC driver [org.h2.Driver] but failed to unregister it when the web application was stopped. To prevent a memory leak, the JDBC Driver has been forcibly unregistered.
12-May-2022 03:00:37.253 INFO [Thread-30] org.apache.coyote.AbstractProtocol.stop Stopping ProtocolHandler ["http-nio-8090"]
12-May-2022 03:00:37.318 INFO [Thread-30] org.apache.coyote.AbstractProtocol.destroy Destroying ProtocolHandler ["http-nio-8090"]
